<?xml version="1.0" encoding="UTF-8"?>
<testsuite xmlns:xsi="http://www.w3.org/2001/XMLSchema-instance" xsi:noNamespaceSchemaLocation="https://maven.apache.org/surefire/maven-surefire-plugin/xsd/surefire-test-report-3.0.xsd" version="3.0" name="TestSuite" time="26.1" tests="1" errors="0" skipped="0" failures="0">
  <properties>
[...]
</properties>
  <testcase name="loginTest" classname="bank_demo.testCases.LoginTest" time="2.786">
    <system-err><![CDATA[1667751551722	geckodriver	INFO	Listening on 127.0.0.1:1070
1667751552414	mozrunner::runner	INFO	Running command: "/usr/lib/firefox/firefox" "--marionette" "-foreground" "-no-remote" "-profile" "/tmp/rust_mozprofilenqUwKf"
1667751558292	Marionette	INFO	Marionette enabled
1667751558299	Marionette	INFO	Listening on port 37629
1667751558617	RemoteAgent	WARN	TLS certificate errors will be ignored for this session
console.warn: SearchSettings: "get: No settings file exists, new profile?" (new NotFoundError("Could not open the file at /tmp/rust_mozprofilenqUwKf/search.json.mozlz4", (void 0)))
Nov 06, 2022 9:49:24 PM org.openqa.selenium.remote.ProtocolHandshake createSession
INFO: Detected dialect: W3C
console.warn: LoginRecipes: "Falling back to a synchronous message for: https://www.demo.guru99.com."
console.warn: LoginRecipes: "Falling back to a synchronous message for: https://www.demo.guru99.com."
1667751570649	Marionette	WARN	Ignoring event 'DOMContentLoaded' because document has an invalid readyState of 'complete'.
]]></system-err>
  </testcase>
</testsuite>