<?xml version="1.0" encoding="UTF-8"?>
<testng-results ignored="0" total="1" passed="1" failed="0" skipped="0">
  <reporter-output>
  </reporter-output>
  <suite started-at="2022-11-06T16:19:09Z" name="BankV1" finished-at="2022-11-06T16:19:34Z" duration-ms="25346">
    <groups>
    </groups>
    <test started-at="2022-11-06T16:19:09Z" name="BankAppTest" finished-at="2022-11-06T16:19:34Z" duration-ms="25346">
      <class name="bank_demo.testCases.LoginTest">
        <test-method is-config="true" signature="setUp(java.lang.String)[pri:0, instance:bank_demo.testCases.LoginTest@4116aac9]" started-at="2022-11-06T16:19:09Z" name="setUp" finished-at="2022-11-06T16:19:29Z" duration-ms="20280" status="PASS">
          <params>
            <param index="0">
              <value>
                <![CDATA[Firefox]]>
              </value>
            </param>
          </params>
          <reporter-output>
          </reporter-output>
        </test-method> <!-- setUp -->
        <test-method signature="loginTest()[pri:0, instance:bank_demo.testCases.LoginTest@4116aac9]" started-at="2022-11-06T16:19:29Z" name="loginTest" finished-at="2022-11-06T16:19:32Z" duration-ms="2784" status="PASS">
          <reporter-output>
          </reporter-output>
        </test-method> <!-- loginTest -->
        <test-method is-config="true" signature="tearDown()[pri:0, instance:bank_demo.testCases.LoginTest@4116aac9]" started-at="2022-11-06T16:19:32Z" name="tearDown" finished-at="2022-11-06T16:19:34Z" duration-ms="2260" status="PASS">
          <reporter-output>
          </reporter-output>
        </test-method> <!-- tearDown -->
      </class> <!-- bank_demo.testCases.LoginTest -->
    </test> <!-- BankAppTest -->
  </suite> <!-- BankV1 -->
</testng-results>
